Flow report for mem_1
Fri May 04 16:22:12 2018
Quartus II 64-Bit Version 10.1 Build 153 11/29/2010 SJ Full Version


---------------------
; Table of Contents ;
---------------------
  1. Legal Notice
  2. Flow Summary
  3. Flow Settings
  4. Flow Non-Default Global Settings
  5. Flow Elapsed Time
  6. Flow OS Summary
  7. Flow Log



----------------
; Legal Notice ;
----------------
Copyright (C) 1991-2010 Altera Corporation
Your use of Altera Corporation's design tools, logic functions 
and other software and tools, and its AMPP partner logic 
functions, and any output files from any of the foregoing 
(including device programming or simulation files), and any 
associated documentation or information are expressly subject 
to the terms and conditions of the Altera Program License 
Subscription Agreement, Altera MegaCore Function License 
Agreement, or other applicable license agreement, including, 
without limitation, that your use is for the sole purpose of 
programming logic devices manufactured by Altera and sold by 
Altera or its authorized distributors.  Please refer to the 
applicable agreement for further details.



+--------------------------------------------------------------------------------+
; Flow Summary                                                                   ;
+------------------------------------+-------------------------------------------+
; Flow Status                        ; Successful - Fri May 04 16:22:12 2018     ;
; Quartus II 64-Bit Version          ; 10.1 Build 153 11/29/2010 SJ Full Version ;
; Revision Name                      ; mem_1                                     ;
; Top-level Entity Name              ; mem_1                                     ;
; Family                             ; Cyclone II                                ;
; Device                             ; EP2C35F672C6                              ;
; Timing Models                      ; Final                                     ;
; Total logic elements               ; 0                                         ;
;     Total combinational functions  ; 0                                         ;
;     Dedicated logic registers      ; 0                                         ;
; Total registers                    ; 0                                         ;
; Total pins                         ; 48                                        ;
; Total virtual pins                 ; 0                                         ;
; Total memory bits                  ; 512                                       ;
; Embedded Multiplier 9-bit elements ; 0                                         ;
; Total PLLs                         ; 0                                         ;
+------------------------------------+-------------------------------------------+


+-----------------------------------------+
; Flow Settings                           ;
+-------------------+---------------------+
; Option            ; Setting             ;
+-------------------+---------------------+
; Start date & time ; 05/04/2018 16:22:07 ;
; Main task         ; Compilation         ;
; Revision Name     ; mem_1               ;
+-------------------+---------------------+


+-----------------------------------------------------------------------------------------------------------------------+
; Flow Non-Default Global Settings                                                                                      ;
+--------------------------------------+---------------------------------+---------------+-------------+----------------+
; Assignment Name                      ; Value                           ; Default Value ; Entity Name ; Section Id     ;
+--------------------------------------+---------------------------------+---------------+-------------+----------------+
; COMPILER_SIGNATURE_ID                ; 132129497283884.152546172706696 ; --            ; --          ; --             ;
; EDA_DESIGN_INSTANCE_NAME             ; test                            ; --            ; --          ; tb_mem_1       ;
; EDA_NATIVELINK_SIMULATION_TEST_BENCH ; tb_mem_1                        ; --            ; --          ; eda_simulation ;
; EDA_OUTPUT_DATA_FORMAT               ; Vhdl                            ; --            ; --          ; eda_simulation ;
; EDA_SIMULATION_TOOL                  ; ModelSim-Altera (VHDL)          ; <None>        ; --          ; --             ;
; EDA_TEST_BENCH_ENABLE_STATUS         ; TEST_BENCH_MODE                 ; --            ; --          ; eda_simulation ;
; EDA_TEST_BENCH_FILE                  ; mem_1.vhd                       ; --            ; --          ; tb_mem_1       ;
; EDA_TEST_BENCH_FILE                  ; stimuli_mem_1.vhd               ; --            ; --          ; tb_mem_1       ;
; EDA_TEST_BENCH_FILE                  ; testbench_mem_1.vhd             ; --            ; --          ; tb_mem_1       ;
; EDA_TEST_BENCH_MODULE_NAME           ; tb_mem_1                        ; --            ; --          ; tb_mem_1       ;
; EDA_TEST_BENCH_NAME                  ; tb_mem_1                        ; --            ; --          ; eda_simulation ;
; EDA_TEST_BENCH_RUN_SIM_FOR           ; 100 ns                          ; --            ; --          ; tb_mem_1       ;
; IP_TOOL_NAME                         ; RAM: 2-PORT                     ; --            ; --          ; --             ;
; IP_TOOL_VERSION                      ; 10.1                            ; --            ; --          ; --             ;
; MAX_CORE_JUNCTION_TEMP               ; 85                              ; --            ; --          ; --             ;
; MIN_CORE_JUNCTION_TEMP               ; 0                               ; --            ; --          ; --             ;
; MISC_FILE                            ; mem_1.cmp                       ; --            ; --          ; --             ;
; PARTITION_COLOR                      ; 16764057                        ; --            ; --          ; Top            ;
; PARTITION_FITTER_PRESERVATION_LEVEL  ; PLACEMENT_AND_ROUTING           ; --            ; --          ; Top            ;
; PARTITION_NETLIST_TYPE               ; SOURCE                          ; --            ; --          ; Top            ;
+--------------------------------------+---------------------------------+---------------+-------------+----------------+


+--------------------------------------------------------------------------------------------------------------------------+
; Flow Elapsed Time                                                                                                        ;
+----------------------+--------------+-------------------------+---------------------+------------------------------------+
; Module Name          ; Elapsed Time ; Average Processors Used ; Peak Virtual Memory ; Total CPU Time (on all processors) ;
+----------------------+--------------+-------------------------+---------------------+------------------------------------+
; Analysis & Synthesis ; 00:00:05     ; 1.0                     ; 384 MB              ; 00:00:01                           ;
; Total                ; 00:00:05     ; --                      ; --                  ; 00:00:01                           ;
+----------------------+--------------+-------------------------+---------------------+------------------------------------+


+-----------------------------------------------------------------------------------+
; Flow OS Summary                                                                   ;
+----------------------+------------------+-----------+------------+----------------+
; Module Name          ; Machine Hostname ; OS Name   ; OS Version ; Processor type ;
+----------------------+------------------+-----------+------------+----------------+
; Analysis & Synthesis ; D4-S10           ; Windows 7 ; 6.1        ; x86_64         ;
+----------------------+------------------+-----------+------------+----------------+


------------
; Flow Log ;
------------
quartus_map --read_settings_files=on --write_settings_files=off mem_1 -c mem_1



